<?xml version="1.0" encoding="UTF-8"?>
<!-- Generated by org.testng.reporters.JUnitXMLReporter -->
<testsuite ignored="0" hostname="NASEEM" failures="0" tests="4" name="twoplugs" time="122.974" errors="0" timestamp="09 Mar 2019 20:39:06 GMT">
  <testcase classname="com.TwoPlugs.TestCases.LoginTest" name="loginTest" time="22.033"/>
  <testcase classname="com.TwoPlugs.TestCases.DisplayTime" name="checkTime" time="17.128"/>
  <testcase classname="com.TwoPlugs.TestCases.userLinks" name="getUserLinks" time="21.23"/>
  <testcase classname="com.TwoPlugs.TestCases.FollowUnFollow1" name="followingPageLinks" time="43.585"/>
</testsuite> <!-- twoplugs -->
