<?xml version="1.0" encoding="UTF-8"?>
<!-- Generated by org.testng.reporters.JUnitXMLReporter -->
<testsuite ignored="0" hostname="NASEEM" failures="1" tests="1" name="twoplugs(failed)" time="29.907" errors="0" timestamp="10 Mar 2019 00:13:42 GMT">
  <testcase classname="com.TwoPlugs.TestCases.sortingMessage" name="sortMessages" time="22.785">
    <failure type="java.lang.AssertionError" message="The following asserts failed:
	expected [true] but found [false]">
      <![CDATA[java.lang.AssertionError: The following asserts failed:
expected [true] but found [false]
at com.TwoPlugs.TestCases.sortingMessage.sortMessages(sortingMessage.java:83)
... Removed 26 stack frames]]>
    </failure>
  </testcase> <!-- sortMessages -->
</testsuite> <!-- twoplugs(failed) -->
