<?xml version="1.0" encoding="UTF-8"?>
<!-- Generated by org.testng.reporters.JUnitXMLReporter -->
<testsuite ignored="0" hostname="NASEEM" failures="1" tests="2" name="twoplugs" time="38.061" errors="0" timestamp="15 Mar 2019 01:40:13 GMT">
  <testcase classname="com.TwoPlugs.TestCases.userLinks" name="getUserLinks" time="6.88"/>
  <testcase classname="com.TwoPlugs.TestCases.profile" name="profileimageupload" time="8.813">
    <failure type="java.lang.ExceptionInInitializerError">
      <![CDATA[java.lang.ExceptionInInitializerError
at org.sikuli.basics.Debug.log(Debug.java:697)
at org.sikuli.basics.Debug.logx(Debug.java:675)
at org.sikuli.script.RunTime.log(RunTime.java:99)
at org.sikuli.script.RunTime.get(RunTime.java:184)
at org.sikuli.script.RunTime.get(RunTime.java:126)
at org.sikuli.script.RunTime.get(RunTime.java:316)
at org.sikuli.script.Region.<clinit>(Region.java:31)
at com.TwoPlugs.PageObjects.profilePage.profileLinkCick(profilePage.java:94)
at com.TwoPlugs.TestCases.profile.profileimageupload(profile.java:48)
Caused by: java.lang.NumberFormatException: For input string: "."
at java.base/java.lang.NumberFormatException.forInputString(NumberFormatException.java:65)
at java.base/java.lang.Integer.parseInt(Integer.java:638)
at java.base/java.lang.Integer.parseInt(Integer.java:770)
at org.sikuli.basics.Settings.<clinit>(Settings.java:123)
... 34 more
... Removed 25 stack frames]]>
    </failure>
  </testcase> <!-- profileimageupload -->
</testsuite> <!-- twoplugs -->
