<?xml version="1.0" encoding="UTF-8"?>
<testng-results ignored="0" total="1" passed="1" failed="0" skipped="0">
  <reporter-output>
  </reporter-output>
  <suite started-at="2019-03-15T01:56:25Z" name="twoplugs auotomaton" finished-at="2019-03-15T01:56:39Z" duration-ms="14192">
    <groups>
    </groups>
    <test started-at="2019-03-15T01:56:25Z" name="twoplugs" finished-at="2019-03-15T01:56:39Z" duration-ms="14192">
      <class name="com.TwoPlugs.TestCases.userLinks">
        <test-method is-config="true" signature="setup(java.lang.String)[pri:0, instance:com.TwoPlugs.TestCases.userLinks@692f203f]" started-at="2019-03-15T01:56:26Z" name="setup" finished-at="2019-03-15T01:56:33Z" duration-ms="7437" status="PASS">
          <params>
            <param index="0">
              <value>
                <![CDATA[chrome]]>
              </value>
            </param>
          </params>
          <reporter-output>
          </reporter-output>
        </test-method> <!-- setup -->
        <test-method signature="getUserLinks()[pri:0, instance:com.TwoPlugs.TestCases.userLinks@692f203f]" started-at="2019-03-15T01:56:33Z" name="getUserLinks" finished-at="2019-03-15T01:56:39Z" duration-ms="5733" status="PASS">
          <reporter-output>
          </reporter-output>
        </test-method> <!-- getUserLinks -->
        <test-method is-config="true" signature="tearDown()[pri:0, instance:com.TwoPlugs.TestCases.userLinks@692f203f]" started-at="2019-03-15T01:56:39Z" name="tearDown" finished-at="2019-03-15T01:56:39Z" duration-ms="671" status="PASS">
          <reporter-output>
          </reporter-output>
        </test-method> <!-- tearDown -->
      </class> <!-- com.TwoPlugs.TestCases.userLinks -->
    </test> <!-- twoplugs -->
  </suite> <!-- twoplugs auotomaton -->
</testng-results>
