<?xml version="1.0" encoding="UTF-8"?>
<testng-results ignored="0" total="4" passed="4" failed="0" skipped="0">
  <reporter-output>
  </reporter-output>
  <suite started-at="2019-03-09T20:37:03Z" name="twoplugs auotomaton" finished-at="2019-03-09T20:39:06Z" duration-ms="122974">
    <groups>
    </groups>
    <test started-at="2019-03-09T20:37:03Z" name="twoplugs" finished-at="2019-03-09T20:39:06Z" duration-ms="122974">
      <class name="com.TwoPlugs.TestCases.userLinks">
        <test-method is-config="true" signature="setup(java.lang.String)[pri:0, instance:com.TwoPlugs.TestCases.userLinks@7c7b252e]" started-at="2019-03-09T20:37:53Z" name="setup" finished-at="2019-03-09T20:37:56Z" duration-ms="3510" status="PASS">
          <params>
            <param index="0">
              <value>
                <![CDATA[chrome]]>
              </value>
            </param>
          </params>
          <reporter-output>
          </reporter-output>
        </test-method> <!-- setup -->
        <test-method signature="getUserLinks()[pri:0, instance:com.TwoPlugs.TestCases.userLinks@7c7b252e]" started-at="2019-03-09T20:37:56Z" name="getUserLinks" finished-at="2019-03-09T20:38:17Z" duration-ms="21230" status="PASS">
          <reporter-output>
          </reporter-output>
        </test-method> <!-- getUserLinks -->
        <test-method is-config="true" signature="tearDown()[pri:0, instance:com.TwoPlugs.TestCases.userLinks@7c7b252e]" started-at="2019-03-09T20:38:17Z" name="tearDown" finished-at="2019-03-09T20:38:18Z" duration-ms="622" status="PASS">
          <reporter-output>
          </reporter-output>
        </test-method> <!-- tearDown -->
      </class> <!-- com.TwoPlugs.TestCases.userLinks -->
      <class name="com.TwoPlugs.TestCases.FollowUnFollow1">
        <test-method is-config="true" signature="setup(java.lang.String)[pri:0, instance:com.TwoPlugs.TestCases.FollowUnFollow1@4d5d943d]" started-at="2019-03-09T20:38:18Z" name="setup" finished-at="2019-03-09T20:38:22Z" duration-ms="3994" status="PASS">
          <params>
            <param index="0">
              <value>
                <![CDATA[chrome]]>
              </value>
            </param>
          </params>
          <reporter-output>
          </reporter-output>
        </test-method> <!-- setup -->
        <test-method signature="followingPageLinks()[pri:0, instance:com.TwoPlugs.TestCases.FollowUnFollow1@4d5d943d]" started-at="2019-03-09T20:38:22Z" name="followingPageLinks" finished-at="2019-03-09T20:39:06Z" duration-ms="43585" status="PASS">
          <reporter-output>
          </reporter-output>
        </test-method> <!-- followingPageLinks -->
        <test-method is-config="true" signature="tearDown()[pri:0, instance:com.TwoPlugs.TestCases.FollowUnFollow1@4d5d943d]" started-at="2019-03-09T20:39:06Z" name="tearDown" finished-at="2019-03-09T20:39:06Z" duration-ms="640" status="PASS">
          <reporter-output>
          </reporter-output>
        </test-method> <!-- tearDown -->
      </class> <!-- com.TwoPlugs.TestCases.FollowUnFollow1 -->
      <class name="com.TwoPlugs.TestCases.DisplayTime">
        <test-method is-config="true" signature="setup(java.lang.String)[pri:0, instance:com.TwoPlugs.TestCases.DisplayTime@7cc0cdad]" started-at="2019-03-09T20:37:31Z" name="setup" finished-at="2019-03-09T20:37:35Z" duration-ms="3974" status="PASS">
          <params>
            <param index="0">
              <value>
                <![CDATA[chrome]]>
              </value>
            </param>
          </params>
          <reporter-output>
          </reporter-output>
        </test-method> <!-- setup -->
        <test-method signature="checkTime()[pri:0, instance:com.TwoPlugs.TestCases.DisplayTime@7cc0cdad]" started-at="2019-03-09T20:37:35Z" name="checkTime" finished-at="2019-03-09T20:37:52Z" duration-ms="17128" status="PASS">
          <reporter-output>
          </reporter-output>
        </test-method> <!-- checkTime -->
        <test-method is-config="true" signature="tearDown()[pri:0, instance:com.TwoPlugs.TestCases.DisplayTime@7cc0cdad]" started-at="2019-03-09T20:37:52Z" name="tearDown" finished-at="2019-03-09T20:37:53Z" duration-ms="627" status="PASS">
          <reporter-output>
          </reporter-output>
        </test-method> <!-- tearDown -->
      </class> <!-- com.TwoPlugs.TestCases.DisplayTime -->
      <class name="com.TwoPlugs.TestCases.LoginTest">
        <test-method is-config="true" signature="setup(java.lang.String)[pri:0, instance:com.TwoPlugs.TestCases.LoginTest@128d2484]" started-at="2019-03-09T20:37:04Z" name="setup" finished-at="2019-03-09T20:37:08Z" duration-ms="4815" status="PASS">
          <params>
            <param index="0">
              <value>
                <![CDATA[chrome]]>
              </value>
            </param>
          </params>
          <reporter-output>
          </reporter-output>
        </test-method> <!-- setup -->
        <test-method signature="loginTest()[pri:0, instance:com.TwoPlugs.TestCases.LoginTest@128d2484]" started-at="2019-03-09T20:37:08Z" name="loginTest" finished-at="2019-03-09T20:37:30Z" duration-ms="22033" status="PASS">
          <reporter-output>
          </reporter-output>
        </test-method> <!-- loginTest -->
        <test-method is-config="true" signature="tearDown()[pri:0, instance:com.TwoPlugs.TestCases.LoginTest@128d2484]" started-at="2019-03-09T20:37:30Z" name="tearDown" finished-at="2019-03-09T20:37:31Z" duration-ms="632" status="PASS">
          <reporter-output>
          </reporter-output>
        </test-method> <!-- tearDown -->
      </class> <!-- com.TwoPlugs.TestCases.LoginTest -->
    </test> <!-- twoplugs -->
  </suite> <!-- twoplugs auotomaton -->
</testng-results>
