<?xml version="1.0" encoding="UTF-8"?>
<testng-results ignored="0" total="2" passed="1" failed="1" skipped="0">
  <reporter-output>
  </reporter-output>
  <suite started-at="2019-03-15T01:39:35Z" name="twoplugs auotomaton" finished-at="2019-03-15T01:40:13Z" duration-ms="38061">
    <groups>
    </groups>
    <test started-at="2019-03-15T01:39:35Z" name="twoplugs" finished-at="2019-03-15T01:40:13Z" duration-ms="38061">
      <class name="com.TwoPlugs.TestCases.userLinks">
        <test-method is-config="true" signature="setup(java.lang.String)[pri:0, instance:com.TwoPlugs.TestCases.userLinks@50caa560]" started-at="2019-03-15T01:39:35Z" name="setup" finished-at="2019-03-15T01:39:49Z" duration-ms="14038" status="PASS">
          <params>
            <param index="0">
              <value>
                <![CDATA[chrome]]>
              </value>
            </param>
          </params>
          <reporter-output>
          </reporter-output>
        </test-method> <!-- setup -->
        <test-method signature="getUserLinks()[pri:0, instance:com.TwoPlugs.TestCases.userLinks@50caa560]" started-at="2019-03-15T01:39:49Z" name="getUserLinks" finished-at="2019-03-15T01:39:56Z" duration-ms="6880" status="PASS">
          <reporter-output>
          </reporter-output>
        </test-method> <!-- getUserLinks -->
        <test-method is-config="true" signature="tearDown()[pri:0, instance:com.TwoPlugs.TestCases.userLinks@50caa560]" started-at="2019-03-15T01:39:56Z" name="tearDown" finished-at="2019-03-15T01:39:57Z" duration-ms="1041" status="PASS">
          <reporter-output>
          </reporter-output>
        </test-method> <!-- tearDown -->
      </class> <!-- com.TwoPlugs.TestCases.userLinks -->
      <class name="com.TwoPlugs.TestCases.profile">
        <test-method is-config="true" signature="setup(java.lang.String)[pri:0, instance:com.TwoPlugs.TestCases.profile@2a266d09]" started-at="2019-03-15T01:39:57Z" name="setup" finished-at="2019-03-15T01:40:03Z" duration-ms="6062" status="PASS">
          <params>
            <param index="0">
              <value>
                <![CDATA[chrome]]>
              </value>
            </param>
          </params>
          <reporter-output>
          </reporter-output>
        </test-method> <!-- setup -->
        <test-method signature="profileimageupload()[pri:0, instance:com.TwoPlugs.TestCases.profile@2a266d09]" started-at="2019-03-15T01:40:03Z" name="profileimageupload" finished-at="2019-03-15T01:40:12Z" duration-ms="8813" status="FAIL">
          <exception class="java.lang.ExceptionInInitializerError">
            <full-stacktrace>
              <![CDATA[java.lang.ExceptionInInitializerError
at org.sikuli.basics.Debug.log(Debug.java:697)
at org.sikuli.basics.Debug.logx(Debug.java:675)
at org.sikuli.script.RunTime.log(RunTime.java:99)
at org.sikuli.script.RunTime.get(RunTime.java:184)
at org.sikuli.script.RunTime.get(RunTime.java:126)
at org.sikuli.script.RunTime.get(RunTime.java:316)
at org.sikuli.script.Region.<clinit>(Region.java:31)
at com.TwoPlugs.PageObjects.profilePage.profileLinkCick(profilePage.java:94)
at com.TwoPlugs.TestCases.profile.profileimageupload(profile.java:48)
at java.base/jdk.internal.reflect.NativeMethodAccessorImpl.invoke0(Native Method)
at java.base/jdk.internal.reflect.NativeMethodAccessorImpl.invoke(NativeMethodAccessorImpl.java:62)
at java.base/jdk.internal.reflect.DelegatingMethodAccessorImpl.invoke(DelegatingMethodAccessorImpl.java:43)
at java.base/java.lang.reflect.Method.invoke(Method.java:566)
at org.testng.internal.MethodInvocationHelper.invokeMethod(MethodInvocationHelper.java:124)
at org.testng.internal.Invoker.invokeMethod(Invoker.java:583)
at org.testng.internal.Invoker.invokeTestMethod(Invoker.java:719)
at org.testng.internal.Invoker.invokeTestMethods(Invoker.java:989)
at org.testng.internal.TestMethodWorker.invokeTestMethods(TestMethodWorker.java:125)
at org.testng.internal.TestMethodWorker.run(TestMethodWorker.java:109)
at org.testng.TestRunner.privateRun(TestRunner.java:648)
at org.testng.TestRunner.run(TestRunner.java:505)
at org.testng.SuiteRunner.runTest(SuiteRunner.java:455)
at org.testng.SuiteRunner.runSequentially(SuiteRunner.java:450)
at org.testng.SuiteRunner.privateRun(SuiteRunner.java:415)
at org.testng.SuiteRunner.run(SuiteRunner.java:364)
at org.testng.SuiteRunnerWorker.runSuite(SuiteRunnerWorker.java:52)
at org.testng.SuiteRunnerWorker.run(SuiteRunnerWorker.java:84)
at org.testng.TestNG.runSuitesSequentially(TestNG.java:1208)
at org.testng.TestNG.runSuitesLocally(TestNG.java:1137)
at org.testng.TestNG.runSuites(TestNG.java:1049)
at org.testng.TestNG.run(TestNG.java:1017)
at org.testng.remote.AbstractRemoteTestNG.run(AbstractRemoteTestNG.java:114)
at org.testng.remote.RemoteTestNG.initAndRun(RemoteTestNG.java:251)
at org.testng.remote.RemoteTestNG.main(RemoteTestNG.java:77)
Caused by: java.lang.NumberFormatException: For input string: "."
at java.base/java.lang.NumberFormatException.forInputString(NumberFormatException.java:65)
at java.base/java.lang.Integer.parseInt(Integer.java:638)
at java.base/java.lang.Integer.parseInt(Integer.java:770)
at org.sikuli.basics.Settings.<clinit>(Settings.java:123)
... 34 more
]]>
            </full-stacktrace>
          </exception> <!-- java.lang.ExceptionInInitializerError -->
          <reporter-output>
          </reporter-output>
        </test-method> <!-- profileimageupload -->
        <test-method is-config="true" signature="tearDown()[pri:0, instance:com.TwoPlugs.TestCases.profile@2a266d09]" started-at="2019-03-15T01:40:12Z" name="tearDown" finished-at="2019-03-15T01:40:13Z" duration-ms="705" status="PASS">
          <reporter-output>
          </reporter-output>
        </test-method> <!-- tearDown -->
      </class> <!-- com.TwoPlugs.TestCases.profile -->
    </test> <!-- twoplugs -->
  </suite> <!-- twoplugs auotomaton -->
</testng-results>
